2025-04-02 16:42:46,939 - INFO - [1] pawstreetbarkery.com - yes
2025-04-02 16:42:47,959 - INFO - [2] coloradocorndog.com - yes
2025-04-02 16:42:52,773 - INFO - [3] firstcarehc.com - yes
2025-04-02 16:42:56,884 - INFO - [4] lolaseattle.com - yes
2025-04-02 16:43:13,279 - INFO - [5] mittyssoup.com - no
2025-04-02 16:43:15,285 - INFO - [6] paznuts.com - yes
2025-04-02 16:43:18,261 - INFO - [7] thelittleepicurean.com - yes
2025-04-02 16:43:48,157 - INFO - [8] lobuenojuices.com - no
2025-04-02 16:44:04,834 - INFO - [9] mandelacoffee.com - no
2025-04-02 16:44:21,109 - INFO - [10] gourmetmarketusa.com - no
2025-04-02 16:44:23,057 - INFO - [11] chick-p.com - yes
2025-04-02 16:44:27,808 - INFO - [12] steelcroissant.com - yes
2025-04-02 16:44:44,461 - INFO - [13] weltkauf.co - no
2025-04-02 16:45:02,516 - INFO - [14] jeaniemarshalfoods.com - no
2025-04-02 16:45:05,845 - INFO - [15] aquatraction.com - yes
2025-04-02 16:45:10,161 - INFO - [16] wellsearch.com - yes
2025-04-02 16:45:11,528 - INFO - [17] bankbazaar.com - yes
2025-04-02 16:45:53,933 - INFO - [18] jenkinsfishingandmotel.com - yes
2025-04-02 16:46:10,118 - INFO - [19] slowfoodswwa.org - no
2025-04-02 16:46:21,476 - INFO - [20] corollaguide.com - yes
2025-04-02 16:46:24,460 - INFO - [21] phosaigonandgrill.com - yes
2025-04-02 16:46:31,400 - INFO - [22] peacheysfinefoods.com - yes
2025-04-02 16:46:46,000 - INFO - [23] telecopy.com - yes
2025-04-02 16:46:48,851 - INFO - [24] mannane.com - yes
2025-04-02 16:46:54,739 - INFO - [25] bravabod.com - yes
2025-04-02 16:46:57,314 - INFO - [26] biscuitsbydaddyo.com - yes
2025-04-02 16:47:20,527 - INFO - [27] plainsman.com - yes
2025-04-02 16:49:26,711 - INFO - [28] bcsofadesign.com - yes
2025-04-02 16:50:23,249 - INFO - [29] deekaygroup.com - yes
2025-04-02 16:50:26,754 - INFO - [30] stinghouse.com - yes
2025-04-02 16:50:39,188 - INFO - [31] museoegizio.it - yes
2025-04-02 16:50:42,858 - INFO - [32] saltwatermarkets.com - yes
2025-04-02 16:51:26,702 - INFO - [33] delfriscos.com - yes
2025-04-02 16:51:42,983 - INFO - [34] felizsta.com - no
2025-04-02 16:51:59,476 - INFO - [35] taraleighcakes.com - no
2025-04-02 16:53:22,187 - INFO - [36] silverlyan.com - yes
2025-04-02 16:53:38,458 - INFO - [37] buffalowagon.com - no
2025-04-02 16:53:48,919 - INFO - [38] lcgfreight.com - yes
2025-04-02 16:53:53,139 - INFO - [39] boucheriezinman.com - yes
2025-04-02 16:53:57,723 - INFO - [40] sprucegrovefeeds.com - yes
2025-04-02 16:54:03,910 - INFO - [41] maomaomom.com - no
2025-04-02 16:54:07,898 - INFO - [42] pe.findsalesrep.com - yes
2025-04-02 16:54:10,737 - INFO - [43] tubescanada.ca - yes
2025-04-02 16:54:14,132 - INFO - [44] commercialledlights.com - yes
2025-04-02 16:54:25,166 - INFO - [45] graphic-imprints.com - yes
2025-04-02 16:54:41,432 - INFO - [46] tiamopizzeria.com - no
2025-04-02 16:54:53,767 - INFO - [47] uspi.com - yes
2025-04-02 16:55:10,093 - INFO - [48] nitori.co.jp - no
2025-04-02 16:55:14,313 - INFO - [49] drinkmana.com - yes
2025-04-02 16:55:16,960 - INFO - [50] vervskin.ca - yes
2025-04-02 16:55:19,487 - INFO - [51] alaskandreambotanicals.com - yes
2025-04-02 16:55:35,711 - INFO - [52] tsnybd.com - no
2025-04-02 16:55:51,918 - INFO - [53] tulocayandco.com - no
2025-04-02 16:56:10,121 - INFO - [54] juicesupply.com - no
2025-04-02 16:56:56,530 - INFO - [55] arkneweraguitars.com - yes
2025-04-02 16:57:05,458 - INFO - [56] hcafloridahealthcare.com - yes
2025-04-02 16:57:21,975 - INFO - [57] bagelcafenyc.com - no
2025-04-02 16:57:38,350 - INFO - [58] getrealgetraw.org - no
2025-04-02 16:57:42,070 - INFO - [59] accelerate360.com - yes
2025-04-02 16:57:43,583 - INFO - [60] polymerforgebio.com - no
2025-04-02 16:59:23,983 - INFO - [61] pintocanyon.com - no
2025-04-02 16:59:26,907 - INFO - [62] strawberry-bakery.com - yes
2025-04-02 16:59:43,568 - INFO - [63] comilao.com - no
2025-04-02 16:59:46,949 - INFO - [64] flipcircus.com - yes
2025-04-02 17:00:06,353 - INFO - [65] bairsfriedchicken.com - no
2025-04-02 17:00:26,544 - INFO - [66] maurosburritos.com - no
2025-04-02 17:00:42,935 - INFO - [67] whiskedawaybakery.com - no
2025-04-02 17:00:49,323 - INFO - [68] walterenelson.com - yes
2025-04-02 17:01:05,599 - INFO - [69] frenchconnectionllc.com - no
2025-04-02 17:01:43,041 - INFO - [70] fromthealdergrove.com - yes
2025-04-02 17:01:59,331 - INFO - [71] cheesyacademy.com - no
2025-04-02 17:02:04,790 - INFO - [72] nhpland.com - yes
2025-04-02 17:02:06,584 - INFO - [73] thepaletabar.com - yes
2025-04-02 17:02:10,398 - INFO - [74] penthol.com - yes
2025-04-02 17:02:10,742 - INFO - [75] dollarstores.com - yes
2025-04-02 17:02:18,860 - INFO - [76] papemachinery.com - yes
2025-04-02 17:02:24,947 - INFO - [77] stillwell-hansen.com - yes
2025-04-02 17:02:28,374 - INFO - [78] archerroose.com - yes
2025-04-02 17:04:09,235 - INFO - [79] proecuador.gob.ec - no
2025-04-02 17:04:15,488 - INFO - [80] cateringbymichaels.com - yes
2025-04-02 17:04:31,739 - INFO - [81] fruitpopfusion.com - no
2025-04-02 17:04:36,047 - INFO - [82] alphagroup.com - yes
2025-04-02 17:04:52,666 - INFO - [83] sweetbcupcakes.com - no
2025-04-02 17:05:08,969 - INFO - [84] marimatcha.com - no
2025-04-02 17:05:25,181 - INFO - [85] jacksonbiscuit.com - no
2025-04-02 17:05:25,965 - INFO - [86] lokalfy.com - yes
2025-04-02 17:05:29,270 - INFO - [87] globetrottingbooklovers.com - yes
2025-04-02 17:05:33,479 - INFO - [88] hackettstownhealthfoods.com - yes
2025-04-02 17:05:49,712 - INFO - [89] breaducationsf.com - no
2025-04-02 17:05:53,161 - INFO - [90] cocossweettreatsfl.com - yes
2025-04-02 17:05:53,759 - INFO - [91] bulkofficesupply.com - yes
2025-04-02 17:05:54,742 - INFO - [92] optaviamedia.com - yes
2025-04-02 17:06:10,998 - INFO - [93] merryscakes.com - no
2025-04-02 17:06:15,233 - INFO - [94] drydenwire.com - yes
2025-04-02 17:06:18,127 - INFO - [95] muertoscoffeeco.com - yes
2025-04-02 17:06:34,317 - INFO - [96] buenosupermarket.com - no
2025-04-02 17:06:41,281 - INFO - [97] bonezonepub.com - yes
2025-04-02 17:06:49,525 - INFO - [98] purelypreparedbrands.com - yes
2025-04-02 17:06:54,364 - INFO - [99] soren.wine - yes
2025-04-02 17:07:01,487 - INFO - [100] vallon.com - yes
2025-04-02 17:07:04,768 - INFO - [101] wilsons-pizza.com - yes
2025-04-02 17:07:34,453 - INFO - [102] avosys-online.ghg.com - no
2025-04-02 17:07:55,035 - INFO - [103] aquicore.com - yes
2025-04-02 17:08:12,476 - INFO - [104] streetsofwashington.com - no
2025-04-02 17:08:41,909 - INFO - [105] alvincaramelcolours.com - no
2025-04-02 17:08:58,703 - INFO - [106] muskegodq.com - no
2025-04-02 17:09:05,597 - INFO - [107] tacouprising.com - yes
2025-04-02 17:09:16,856 - INFO - [108] nutrametrix.com - yes
2025-04-02 17:09:41,255 - INFO - [109] tequilacocina.ca - yes
2025-04-02 17:09:45,978 - INFO - [110] armstronggraphicdesign.com - yes
2025-04-02 17:10:15,276 - INFO - [111] hawaiianislandrestaurant.com - no
2025-04-02 17:10:21,592 - INFO - [112] stickyricebistro.com - yes
2025-04-02 17:10:26,239 - INFO - [113] missionwinerynm.com - yes
2025-04-02 17:10:42,460 - INFO - [114] maztekcontainer.com - no
2025-04-02 17:10:59,155 - INFO - [115] madetoorderboxes.com - no
2025-04-02 17:11:08,206 - INFO - [116] goldstardistributor.com - yes
2025-04-02 17:11:32,665 - INFO - [117] mylittleeater.com - yes
2025-04-02 17:11:33,520 - INFO - [118] teakadai.ca - no
2025-04-02 17:11:36,528 - INFO - [119] craftastik.co.uk - yes
2025-04-02 17:11:38,552 - INFO - [120] simplydivinecupcakes.com - yes
2025-04-02 17:11:47,525 - INFO - [121] gromaxtexas.com - yes
2025-04-02 17:12:03,705 - INFO - [122] sweetmunchies.net - no
2025-04-02 17:12:07,580 - INFO - [123] wildwolfkettlekorn.com - yes
2025-04-02 17:12:23,756 - INFO - [124] twochimpsbaking.com - no
2025-04-02 17:12:40,058 - INFO - [125] organicnutritioninc.com - no
2025-04-02 17:12:48,575 - INFO - [126] hcdestinations.com - yes
2025-04-02 17:12:51,205 - INFO - [127] fitelo.co - yes
2025-04-02 17:12:55,482 - INFO - [128] homecreations.com - yes
2025-04-02 17:13:11,669 - INFO - [129] redgingeria.com - no
2025-04-02 17:13:13,288 - INFO - [130] cdn.equitable.ca - yes
2025-04-02 17:13:39,506 - INFO - [131] goldenbrewtea.com - no
2025-04-02 17:13:55,709 - INFO - [132] poultryprocessingusa.com - no
2025-04-02 17:14:12,434 - INFO - [133] nkrocker.yukonschools.ca - no
2025-04-02 17:14:28,881 - INFO - [134] craftership.com - no
2025-04-02 17:14:46,129 - INFO - [135] thesouthernstandard.com - no
2025-04-02 17:15:02,588 - INFO - [136] schottsmeatprocessing.com - no
2025-04-02 17:15:30,030 - INFO - [137] kulfipdx.com - no
2025-04-02 17:15:33,423 - INFO - [138] cpgdata.com - yes
2025-04-02 17:15:49,828 - INFO - [139] theterpenekitchen.com - no
2025-04-02 17:15:53,552 - INFO - [140] freshtakekitchen.com - yes
2025-04-02 17:16:10,013 - INFO - [141] sushisakuraexpress-hub.com - no
2025-04-02 17:16:13,759 - INFO - [142] dpmorthotics.com - yes
2025-04-02 17:16:33,696 - INFO - [143] jeffersongraham.com - no
2025-04-02 17:16:50,185 - INFO - [144] fijipop.com - no
2025-04-02 17:16:55,196 - INFO - [145] unclesbbq.com - yes
2025-04-02 17:17:00,779 - INFO - [146] theteenmagazine.com - yes
2025-04-02 17:17:10,327 - INFO - [147] pyrotechnicspecialties.com - yes
2025-04-02 17:17:27,020 - INFO - [148] artisiansunsetsalsa.com - no
2025-04-02 17:17:28,055 - INFO - [149] rumwonk.com - yes
2025-04-02 17:17:44,251 - INFO - [150] rjpmart.com - no
2025-04-02 17:18:14,882 - INFO - [151] microgreens-omaha.com - no
2025-04-02 17:18:42,796 - INFO - [152] mullinsfood.com - no
2025-04-02 17:18:50,946 - INFO - [153] uplandsoftware.com - yes
2025-04-02 17:19:02,982 - INFO - [154] jrvannoy.com - yes
2025-04-02 17:19:12,230 - INFO - [155] nuscalepower.com - yes
2025-04-02 17:19:17,651 - INFO - [156] demagi.it - yes
2025-04-02 17:19:25,583 - INFO - [157] divinecellar.com - yes
2025-04-02 17:19:42,004 - INFO - [158] thaigourmetmarket.com - no
2025-04-02 17:20:05,051 - INFO - [159] remtekind.com - yes
2025-04-02 17:20:17,944 - INFO - [160] 101steakatl.com - yes
2025-04-02 17:20:21,539 - INFO - [161] shell.ca - yes
2025-04-02 17:20:26,259 - INFO - [162] matteladventurepark.com - yes
2025-04-02 17:20:28,227 - INFO - [163] kx.com - yes
2025-04-02 17:20:37,546 - INFO - [164] evanscandy.com - yes
2025-04-02 17:22:22,220 - INFO - [165] ziggtec.com - no
2025-04-02 17:22:29,738 - INFO - [166] vreshfoods.com - yes
2025-04-02 17:22:33,813 - INFO - [167] rivervalleyfarmerstable.com - no
2025-04-02 17:22:41,815 - INFO - [168] planktonholland.de - yes
2025-04-02 17:22:52,081 - INFO - [169] growers.sunkist.com - yes
2025-04-02 17:22:55,382 - INFO - [170] cartersbakingco.com - yes
2025-04-02 17:23:12,010 - INFO - [171] cherisheverybite.com - no
2025-04-02 17:23:19,203 - INFO - [172] poormansgourmetkitchen.com - yes
2025-04-02 17:23:33,078 - INFO - [173] petbutler.com - yes
2025-04-02 17:23:56,671 - INFO - [174] covekombucha.com - no
2025-04-02 17:24:13,072 - INFO - [175] daylightdonutsupershop.com - no
2025-04-02 17:24:29,304 - INFO - [176] hometowfeedandsupply.net - no
2025-04-02 17:24:34,374 - INFO - [177] yukonorganics.ca - yes
2025-04-02 17:26:15,732 - INFO - [178] wiltonwholefoods.com - no
2025-04-02 17:26:32,736 - INFO - [179] thisknish.com - no
2025-04-02 17:26:51,011 - INFO - [180] meetmycloset.com - no
2025-04-02 17:26:57,570 - INFO - [181] rigquipment.com - yes
2025-04-02 17:27:01,823 - INFO - [182] us.norton.com - yes
2025-04-02 17:27:20,648 - INFO - [183] organica.in - no
2025-04-02 17:27:28,083 - INFO - [184] redwingbrewing.com - yes
2025-04-02 17:27:45,445 - INFO - [185] procuriummeals.com - no
2025-04-02 17:27:54,610 - INFO - [186] fortunecookiesnj.com - yes
2025-04-02 17:28:03,081 - INFO - [187] maroonpig.ca - yes
2025-04-02 17:28:08,933 - INFO - [188] whitemountainscanning.com - yes
2025-04-02 17:28:11,523 - INFO - [189] lostrecipesfound.com - yes
2025-04-02 17:28:16,677 - INFO - [190] wallbeds-etc.net - yes
2025-04-02 17:29:04,277 - INFO - [191] pfenningsfarms.ca - yes
2025-04-02 17:29:20,538 - INFO - [192] epicureanacortes.com - no
2025-04-02 17:29:51,205 - INFO - [193] milfordvalley.com - no
2025-04-02 17:30:21,185 - INFO - [194] calstateautoparts.com - no
2025-04-02 17:31:44,924 - INFO - [195] recordpatriot.com - yes
2025-04-02 17:32:01,130 - INFO - [196] nerdydadfoods.com - no
2025-04-02 17:32:30,667 - INFO - [197] atlas-nutrition.com - no
2025-04-02 17:32:43,171 - INFO - [198] stevelanderstoyota.com - yes
2025-04-02 17:33:30,448 - INFO - [199] thedaytripper.com - yes
2025-04-02 17:33:35,046 - INFO - [200] bountifulboardsgb.com - yes
2025-04-02 17:33:39,735 - INFO - [201] nationalcollisionrepairer.com.au - yes
2025-04-02 17:33:56,132 - INFO - [202] clapcart.in - no
2025-04-02 17:34:12,852 - INFO - [203] antecosmetic.com - no
2025-04-02 17:34:29,026 - INFO - [204] ourcirclesfarm.com - no
2025-04-02 17:34:33,373 - INFO - [205] finditinfondren.com - yes
2025-04-02 17:34:39,098 - INFO - [206] doorhardwaresupply.com - yes
2025-04-02 17:35:45,652 - INFO - [207] mitchellpress.com - yes
2025-04-02 17:35:57,775 - INFO - [208] pigchamp.com - yes
2025-04-02 17:36:10,621 - INFO - [209] 24hourrefrigeration.com - yes
2025-04-02 17:36:26,868 - INFO - [210] queensbuns.com - no
2025-04-02 17:36:37,027 - INFO - [211] midwiferysupplies.ca - yes
2025-04-02 17:36:53,559 - INFO - [212] creperieandcafe.com - no
2025-04-02 17:37:09,938 - INFO - [213] accakesandmore.com - no
2025-04-02 17:37:19,021 - INFO - [214] forgottenshoresproperties.com - yes
2025-04-02 17:37:20,815 - INFO - [215] theprinterlincoln.com - yes
2025-04-02 17:37:27,296 - INFO - [216] quadratec.com - yes
2025-04-02 17:37:43,888 - INFO - [217] karenshandcraftedcakes.com - no
2025-04-02 17:37:47,621 - INFO - [218] justenergy.com - yes
2025-04-02 17:37:59,002 - INFO - [219] ovcsports.com - yes
2025-04-02 17:38:08,221 - INFO - [220] southdurhamfarmersmarket.org - yes
2025-04-02 17:38:35,047 - INFO - [221] kingsportswear.com - yes
2025-04-02 17:38:51,296 - INFO - [222] ricewildtree.webs.com - no
2025-04-02 17:38:56,410 - INFO - [223] datefruit.ir - yes
2025-04-02 17:39:14,620 - INFO - [224] rootedandgroundedexperience.com - no
2025-04-02 17:39:19,774 - INFO - [225] simsoverheaddoors.com - yes
2025-04-02 17:41:01,038 - INFO - [226] foodookosher.com - no
2025-04-02 17:41:08,344 - INFO - [227] rockcountybrewingco.com - yes
2025-04-02 17:41:24,594 - INFO - [228] steamboatcoffee.com - no
2025-04-02 17:41:41,144 - INFO - [229] ode.state.or.us - no
2025-04-02 17:41:57,395 - INFO - [230] scandiacitrus.com - no
2025-04-02 17:42:08,443 - INFO - [231] scoutingpolaris.nl - yes
2025-04-02 17:43:34,939 - INFO - [232] tigihaircare.com - no
2025-04-02 17:43:51,391 - INFO - [233] glidingeaglemarketplace.com - no
2025-04-02 17:45:32,033 - INFO - [234] releviumcorp.com - no
2025-04-02 17:47:12,818 - INFO - [235] concept.org - no
2025-04-02 17:47:29,060 - INFO - [236] starbuckshawaii.com - no
2025-04-02 17:47:34,386 - INFO - [237] waterstore1.com - yes
2025-04-02 17:47:50,928 - INFO - [238] inc.dbanextlevelhealthsciences - no
2025-04-02 17:47:51,464 - INFO - [239] conecuhbrands.com - no
2025-04-02 17:47:55,005 - INFO - [240] amzpackaginginc.com - yes
2025-04-02 17:48:40,013 - INFO - [241] ggatthefair.com - yes
2025-04-02 17:48:57,472 - INFO - [242] prioridadlechera.com - no
2025-04-02 17:49:42,209 - INFO - [243] getcovey.com - yes
2025-04-02 17:49:46,740 - INFO - [244] jackfruitday.com - yes
2025-04-02 17:50:02,974 - INFO - [245] bagelsandcompany.com - no
2025-04-02 17:50:09,154 - INFO - [246] empacadoraelfresno.com.mx - yes
2025-04-02 17:50:21,115 - INFO - [247] autonationtoyotapinellaspark.com - yes
2025-04-02 17:50:47,053 - INFO - [248] sweetlydippedconfections.com - no
2025-04-02 17:50:51,941 - INFO - [249] rillositalianmix.com - yes
2025-04-02 17:51:24,446 - INFO - [250] staff.gardengrocer.com - no
2025-04-02 17:51:40,873 - INFO - [251] mugsonmilton.com - no
2025-04-02 17:52:00,451 - INFO - [252] palmsupplyfla.com - no
2025-04-02 17:52:06,774 - INFO - [253] magiccottonusa.com - yes
2025-04-02 17:52:10,685 - INFO - [254] littletasteofhome.ca - yes
2025-04-02 17:52:44,037 - INFO - [255] gardenscapesbyjoanna.com - no
2025-04-02 17:53:00,242 - INFO - [256] mfi2012.com - no
2025-04-02 17:53:20,104 - INFO - [257] geacosmeticslab.com - yes
2025-04-02 17:54:56,653 - INFO - [258] bodtkergroup.com - no
2025-04-02 17:56:37,262 - INFO - [259] smenterprises.ca - no
2025-04-02 17:56:45,299 - INFO - [260] pinkavenueskincare.ca - yes
2025-04-02 17:56:46,356 - INFO - [261] almanara.ca - yes
2025-04-02 17:56:54,385 - INFO - [262] coffeehousehobbs.com - yes
2025-04-02 17:57:10,613 - INFO - [263] mastbites.com - no
2025-04-02 17:57:34,352 - INFO - [264] kaneexportllc.com - no
2025-04-02 17:57:53,738 - INFO - [265] elranchorestaurantpinetop.com - no
2025-04-02 17:58:02,784 - INFO - [266] commonpantry.org - yes
2025-04-02 17:58:32,748 - INFO - [267] wwallc.net - no
2025-04-02 17:58:49,458 - INFO - [268] thefishfactory.net - no
2025-04-02 17:58:52,117 - INFO - [269] eatthereal.com - yes
2025-04-02 17:58:56,830 - INFO - [270] mrprinters.co.uk - no
2025-04-02 17:58:58,140 - INFO - [271] myamazinggraze.com - yes
2025-04-02 17:59:14,852 - INFO - [272] nirvanafoodsinc.com - no
2025-04-02 17:59:19,684 - INFO - [273] blog.openroadautogroup.com - yes
2025-04-02 18:00:05,114 - INFO - [274] friedegglove.com - yes
2025-04-02 18:00:11,935 - INFO - [275] soukeltayeb.com - yes
2025-04-02 18:01:47,345 - INFO - [276] diageoworldclasscanada.com - no
2025-04-02 18:01:52,323 - INFO - [277] pitafactory.com - yes
2025-04-02 18:03:32,515 - INFO - [278] 1000corks.com - no
2025-04-02 18:03:42,026 - INFO - [279] sunalparts.com - yes
2025-04-02 18:03:48,833 - INFO - [280] powerhouseappliances.com - yes
2025-04-02 18:03:55,676 - INFO - [281] mpft.nhs.uk - yes
2025-04-02 18:04:06,077 - INFO - [282] theop.games - yes
2025-04-02 18:04:25,193 - INFO - [283] critellifurniture.com - no
2025-04-02 18:06:00,752 - INFO - [284] johnsonfood.com - no
2025-04-02 18:06:13,082 - INFO - [285] minstercommunitypost.com - yes
2025-04-02 18:06:32,781 - INFO - [286] capitaloyster.com - no
2025-04-02 18:06:47,074 - INFO - [287] boliviaorganicfoods.com - no
2025-04-02 18:06:47,076 - INFO - Closing the browser.
